Determining if the pthread_create exist failed with the following output:
Change Dir: /home/ruslan/tp/CppProject/gtest/src/gtest-build/CMakeFiles/CMakeTmp

Run Build Command:"/usr/bin/make" "cmTC_06402/fast"
make[4]: вход в каталог «/home/ruslan/tp/CppProject/gtest/src/gtest-build/CMakeFiles/CMakeTmp»
/usr/bin/make -f CMakeFiles/cmTC_06402.dir/build.make CMakeFiles/cmTC_06402.dir/build
make[5]: вход в каталог «/home/ruslan/tp/CppProject/gtest/src/gtest-build/CMakeFiles/CMakeTmp»
Building C object CMakeFiles/cmTC_06402.dir/CheckSymbolExists.c.o
/usr/bin/cc    -o CMakeFiles/cmTC_06402.dir/CheckSymbolExists.c.o   -c /home/ruslan/tp/CppProject/gtest/src/gtest-build/CMakeFiles/CMakeTmp/CheckSymbolExists.c
Linking C executable cmTC_06402
/opt/clion-2018.2.5/bin/cmake/linux/bin/cmake -E cmake_link_script CMakeFiles/cmTC_06402.dir/link.txt --verbose=1
/usr/bin/cc      -rdynamic CMakeFiles/cmTC_06402.dir/CheckSymbolExists.c.o  -o cmTC_06402 
CMakeFiles/cmTC_06402.dir/CheckSymbolExists.c.o: In function `main':
CheckSymbolExists.c:(.text+0x1b): undefined reference to `pthread_create'
collect2: error: ld returned 1 exit status
CMakeFiles/cmTC_06402.dir/build.make:86: recipe for target 'cmTC_06402' failed
make[5]: *** [cmTC_06402] Error 1
make[5]: выход из каталога «/home/ruslan/tp/CppProject/gtest/src/gtest-build/CMakeFiles/CMakeTmp»
Makefile:121: recipe for target 'cmTC_06402/fast' failed
make[4]: *** [cmTC_06402/fast] Error 2
make[4]: выход из каталога «/home/ruslan/tp/CppProject/gtest/src/gtest-build/CMakeFiles/CMakeTmp»

File /home/ruslan/tp/CppProject/gtest/src/gtest-build/CMakeFiles/CMakeTmp/CheckSymbolExists.c:
/* */
#include <pthread.h>

int main(int argc, char** argv)
{
  (void)argv;
#ifndef pthread_create
  return ((int*)(&pthread_create))[argc];
#else
  (void)argc;
  return 0;
#endif
}

